{
  "0 debug pnpm:scope": {
    "selected": 1
  },
  "1 debug pnpm:package-manifest": {
    "initial": {
      "name": "fe-interview",
      "version": "1.0.0",
      "description": "",
      "main": "index.js",
      "scripts": {
        "test": "echo \"Error: no test specified\" && exit 1"
      },
      "keywords": [],
      "author": "",
      "license": "ISC"
    },
    "prefix": "/Users/dinolsy/Desktop/Frontend/fe-interview"
  },
  "2 debug pnpm:context": {
    "currentLockfileExists": false,
    "storeDir": "/Users/dinolsy/Library/pnpm/store/v3",
    "virtualStoreDir": "/Users/dinolsy/Desktop/Frontend/fe-interview/node_modules/.pnpm"
  },
  "3 debug pnpm:stage": {
    "prefix": "/Users/dinolsy/Desktop/Frontend/fe-interview",
    "stage": "resolution_started"
  },
  "4 error pnpm": {
    "code": "ERR_PNPM_FETCH_404",
    "hint": "jest is not in the npm registry, or you have no permission to fetch it.\n\nNo authorization header was set for the request.",
    "request": {
      "url": "https://npmmirror.com/mirrors/jest"
    },
    "response": {
      "size": 0
    },
    "pkgName": "jest",
    "spec": {
      "fetchSpec": "latest",
      "name": "jest",
      "type": "tag"
    },
    "pkgsStack": [],
    "err": {
      "name": "pnpm",
      "message": "GET https://npmmirror.com/mirrors/jest: Not Found - 404",
      "code": "ERR_PNPM_FETCH_404",
      "stack": "pnpm: GET https://npmmirror.com/mirrors/jest: Not Found - 404\n    at RetryOperation._fn (/Users/dinolsy/.nvm/versions/node/v16.15.0/lib/node_modules/pnpm/dist/pnpm.cjs:84259:19)\n    at processTicksAndRejections (node:internal/process/task_queues:96:5)"
    }
  }
}